LumaCEG Started, Patching...
CreateFileW --> CEG --> \\?\C:\Users\Martijn\appdata\locallow\NVIDIA\PerDriverVersion\DXCache\
LumaCEG_CloseHandle --> CEG
CreateFileW --> CEG --> \\?\C:\Users\Martijn\appdata\locallow\NVIDIA\PerDriverVersion\DXCache\
LumaCEG_CloseHandle --> CEG
CreateFileW --> CEG --> \\?\C:\Users\Martijn\appdata\locallow\NVIDIA\PerDriverVersion\DXCache\
LumaCEG_CloseHandle --> CEG
CreateFileW --> CEG --> \\?\C:\Users\Martijn\appdata\locallow\NVIDIA\PerDriverVersion\DXCache\
LumaCEG_CloseHandle --> CEG
CreateFileW --> CEG --> \\?\C:\Users\Martijn\appdata\locallow\NVIDIA\PerDriverVersion\DXCache\
LumaCEG_CloseHandle --> CEG
CreateFileW --> CEG --> \\?\C:\Users\Martijn\appdata\locallow\NVIDIA\PerDriverVersion\DXCache\
LumaCEG_CloseHandle --> CEG
CreateFileW --> CEG --> \\?\C:\Users\Martijn\appdata\locallow\NVIDIA\PerDriverVersion\DXCache\
LumaCEG_CloseHandle --> CEG
CreateFileW --> CEG --> \\?\C:\Users\Martijn\appdata\locallow\NVIDIA\PerDriverVersion\DXCache\
LumaCEG_CloseHandle --> CEG
CreateFileW --> CEG --> \\?\C:\Users\Martijn\appdata\locallow\NVIDIA\PerDriverVersion\DXCache\
LumaCEG_CloseHandle --> CEG
CreateFileW --> CEG --> \\?\C:\Users\Martijn\appdata\locallow\NVIDIA\PerDriverVersion\DXCache\
LumaCEG_CloseHandle --> CEG
CreateFileW --> CEG --> \\?\C:\Users\Martijn\appdata\locallow\NVIDIA\PerDriverVersion\DXCache\
LumaCEG_CloseHandle --> CEG
CreateFileW --> CEG --> \\?\C:\Users\Martijn\appdata\locallow\NVIDIA\PerDriverVersion\DXCache\
LumaCEG_CloseHandle --> CEG
CreateFileW --> CEG --> \\?\C:\Users\Martijn\appdata\locallow\NVIDIA\PerDriverVersion\DXCache\
LumaCEG_CloseHandle --> CEG
CreateFileW --> CEG --> \\.\MountPointManager
CreateFileW --> CEG --> \\.\MountPointManager
CreateFileW --> CEG --> \\.\MountPointManager
CreateFileW --> CEG --> \\.\MountPointManager
CreateFileW --> CEG --> \\.\MountPointManager
CreateFileW --> CEG --> \\.\MountPointManager
CreateFileW --> CEG --> \\.\MountPointManager
CreateFileW --> CEG --> \\.\MountPointManager
CreateFileW --> CEG --> \\.\MountPointManager
CreateFileW --> CEG --> \\.\MountPointManager
CreateFileW --> CEG --> \\.\MountPointManager
CreateFileW --> CEG --> \\.\MountPointManager
CreateFileW --> CEG --> \\.\MountPointManager
CreateFileW --> CEG --> \\.\MountPointManager
CreateFileW --> CEG --> \\?\STORAGE#VolumeSnapshot#HarddiskVolumeSnapshot7#{53f5630d-b6bf-11d0-94f2-00a0c91efb8b}\
LumaCEG_CloseHandle --> CEG
CreateFileW --> CEG --> \\.\MountPointManager
CreateFileW --> CEG --> \\?\STORAGE#VolumeSnapshot#HarddiskVolumeSnapshot4#{53f5630d-b6bf-11d0-94f2-00a0c91efb8b}\
LumaCEG_CloseHandle --> CEG
CreateFileW --> CEG --> \\.\MountPointManager
CreateFileW --> CEG --> \\?\STORAGE#Volume#{7115d2fd-8801-11ef-ab14-806e6f6e6963}#0000000006500000#{53f5630d-b6bf-11d0-94f2-00a0c91efb8b}\
LumaCEG_CloseHandle --> CEG
CreateFileW --> CEG --> \\?\STORAGE#VolumeSnapshot#HarddiskVolumeSnapshot1#{53f5630d-b6bf-11d0-94f2-00a0c91efb8b}\
LumaCEG_CloseHandle --> CEG
CreateFileW --> CEG --> \\?\STORAGE#VolumeSnapshot#HarddiskVolumeSnapshot6#{53f5630d-b6bf-11d0-94f2-00a0c91efb8b}\
LumaCEG_CloseHandle --> CEG
CreateFileW --> CEG --> \\.\MountPointManager
CreateFileW --> CEG --> \\?\C:\Users\Martijn\appdata\locallow\NVIDIA\PerDriverVersion\DXCache\
LumaCEG_CloseHandle --> CEG
CreateFileW --> CEG --> \\?\C:\Users\Martijn\appdata\locallow\NVIDIA\PerDriverVersion\DXCache\
LumaCEG_CloseHandle --> CEG
CreateFileW --> CEG --> \\?\C:\Users\Martijn\appdata\locallow\NVIDIA\PerDriverVersion\DXCache\
LumaCEG_CloseHandle --> CEG
CreateFileW --> CEG --> \\?\C:\Users\Martijn\appdata\locallow\NVIDIA\PerDriverVersion\DXCache\
LumaCEG_CloseHandle --> CEG
